e:\windows 10\uwp\cpp\stackpanel\createcpp\createcpp\debug\createcpp.pch
e:\windows 10\uwp\cpp\stackpanel\createcpp\createcpp\debug\vc141.pdb
e:\windows 10\uwp\cpp\stackpanel\createcpp\createcpp\debug\vc141.idb
e:\windows 10\uwp\cpp\stackpanel\createcpp\createcpp\debug\pch.obj
e:\windows 10\uwp\cpp\stackpanel\createcpp\createcpp\debug\app.obj
e:\windows 10\uwp\cpp\stackpanel\createcpp\debug\createcpp\createcpp.winmd
e:\windows 10\uwp\cpp\stackpanel\createcpp\createcpp\debug\createcpp.vcxprojresolveassemblyreference.cache
e:\windows 10\uwp\cpp\stackpanel\createcpp\createcpp\debug\resourcehandlingtask.state
e:\windows 10\uwp\cpp\stackpanel\createcpp\createcpp\debug\createcpp.vcxproj.generateresource.cache
e:\windows 10\uwp\cpp\stackpanel\createcpp\createcpp\debug\priconfig.xml
e:\windows 10\uwp\cpp\stackpanel\createcpp\createcpp\debug\priconfig.xml.intermediate
e:\windows 10\uwp\cpp\stackpanel\createcpp\createcpp\debug\layout.resfiles
e:\windows 10\uwp\cpp\stackpanel\createcpp\createcpp\debug\layout.resfiles.intermediate
e:\windows 10\uwp\cpp\stackpanel\createcpp\createcpp\debug\resources.resfiles
e:\windows 10\uwp\cpp\stackpanel\createcpp\createcpp\debug\resources.resfiles.intermediate
e:\windows 10\uwp\cpp\stackpanel\createcpp\createcpp\debug\pri.resfiles
e:\windows 10\uwp\cpp\stackpanel\createcpp\createcpp\debug\pri.resfiles.intermediate
e:\windows 10\uwp\cpp\stackpanel\createcpp\debug\createcpp\resources.pri
e:\windows 10\uwp\cpp\stackpanel\createcpp\createcpp\debug\qualifiers.txt
e:\windows 10\uwp\cpp\stackpanel\createcpp\createcpp\debug\qualifiers.txt.intermediate
e:\windows 10\uwp\cpp\stackpanel\createcpp\createcpp\debug\multiplequalifiersperdimensionfound.txt
e:\windows 10\uwp\cpp\stackpanel\createcpp\createcpp\debug\projectarchitectures.txt
e:\windows 10\uwp\cpp\stackpanel\createcpp\debug\createcpp\appxmanifest.xml
e:\windows 10\uwp\cpp\stackpanel\createcpp\debug\createcpp\createcpp.build.appxrecipe
e:\windows 10\uwp\cpp\stackpanel\createcpp\debug\createcpp\createcpp.ilk
e:\windows 10\uwp\cpp\stackpanel\createcpp\debug\createcpp\createcpp.exe
e:\windows 10\uwp\cpp\stackpanel\createcpp\debug\createcpp\createcpp.pdb
e:\windows 10\uwp\cpp\stackpanel\createcpp\createcpp\debug\createcpp.tlog\cl.command.1.tlog
e:\windows 10\uwp\cpp\stackpanel\createcpp\createcpp\debug\createcpp.tlog\cl.read.1.tlog
e:\windows 10\uwp\cpp\stackpanel\createcpp\createcpp\debug\createcpp.tlog\cl.write.1.tlog
e:\windows 10\uwp\cpp\stackpanel\createcpp\createcpp\debug\createcpp.tlog\createcpp.read.1u.tlog
e:\windows 10\uwp\cpp\stackpanel\createcpp\createcpp\debug\createcpp.tlog\createcpp.write.1u.tlog
e:\windows 10\uwp\cpp\stackpanel\createcpp\createcpp\debug\createcpp.tlog\link.command.1.tlog
e:\windows 10\uwp\cpp\stackpanel\createcpp\createcpp\debug\createcpp.tlog\link.read.1.tlog
e:\windows 10\uwp\cpp\stackpanel\createcpp\createcpp\debug\createcpp.tlog\link.write.1.tlog
e:\windows 10\uwp\cpp\stackpanel\createcpp\createcpp\debug\createcpp.tlog\midl-midlrt-cl.read.1.tlog
e:\windows 10\uwp\cpp\stackpanel\createcpp\createcpp\debug\createcpp.tlog\midl-midlrt-cl.write.1.tlog
e:\windows 10\uwp\cpp\stackpanel\createcpp\createcpp\debug\createcpp.tlog\midl.command.1.tlog
